<?xml version="1.0" encoding="UTF-8"?>
<!-- Generated by org.testng.reporters.JUnitReportReporter -->
<testsuite hostname="satham" failures="0" tests="1" name="com.orggroup.samplegroup" time="17.118" errors="0" timestamp="07 Aug 2021 14:42:30 GMT" skipped="0">
  <testcase classname="com.orggroup.samplegroup" name="test1" time="17.118"/>
</testsuite> <!-- com.orggroup.samplegroup -->
